<?xml version="1.0" encoding="UTF-8"?>
<testsuite xmlns:xsi="http://www.w3.org/2001/XMLSchema-instance" xsi:noNamespaceSchemaLocation="https://maven.apache.org/surefire/maven-surefire-plugin/xsd/surefire-test-report.xsd" name="com.lab.html_editor.utils.visitor.html_visitor.VisitorTest" time="0" tests="3" errors="0" skipped="0" failures="0">
  <properties>
    <property name="java.specification.version" value="21"/>
    <property name="sun.cpu.isalist" value="amd64"/>
    <property name="sun.jnu.encoding" value="GBK"/>
    <property name="java.class.path" value="D:\Code\Java\2024 Fall Software Design\labs\Lab_1_2\html_editor\target\test-classes;D:\Code\Java\2024 Fall Software Design\labs\Lab_1_2\html_editor\target\classes;C:\Users\32070\.m2\repository\org\jsoup\jsoup\1.18.1\jsoup-1.18.1.jar;C:\Users\32070\.m2\repository\org\languagetool\languagetool-core\6.5\languagetool-core-6.5.jar;C:\Users\32070\.m2\repository\com\carrotsearch\hppc\0.8.2\hppc-0.8.2.jar;C:\Users\32070\.m2\repository\com\fasterxml\jackson\core\jackson-databind\2.17.2\jackson-databind-2.17.2.jar;C:\Users\32070\.m2\repository\com\fasterxml\jackson\core\jackson-annotations\2.17.2\jackson-annotations-2.17.2.jar;C:\Users\32070\.m2\repository\com\fasterxml\jackson\core\jackson-core\2.17.2\jackson-core-2.17.2.jar;C:\Users\32070\.m2\repository\com\gitlab\dumonts\hunspell\2.1.2\hunspell-2.1.2.jar;C:\Users\32070\.m2\repository\net\java\dev\jna\jna-platform\5.12.1\jna-platform-5.12.1.jar;C:\Users\32070\.m2\repository\net\java\dev\jna\jna\5.12.1\jna-5.12.1.jar;C:\Users\32070\.m2\repository\com\google\guava\guava\32.1.1-jre\guava-32.1.1-jre.jar;C:\Users\32070\.m2\repository\com\google\guava\failureaccess\1.0.1\failureaccess-1.0.1.jar;C:\Users\32070\.m2\repository\com\google\guava\listenablefuture\9999.0-empty-to-avoid-conflict-with-guava\listenablefuture-9999.0-empty-to-avoid-conflict-with-guava.jar;C:\Users\32070\.m2\repository\com\google\code\findbugs\jsr305\3.0.2\jsr305-3.0.2.jar;C:\Users\32070\.m2\repository\org\checkerframework\checker-qual\3.33.0\checker-qual-3.33.0.jar;C:\Users\32070\.m2\repository\com\google\errorprone\error_prone_annotations\2.18.0\error_prone_annotations-2.18.0.jar;C:\Users\32070\.m2\repository\com\google\j2objc\j2objc-annotations\2.8\j2objc-annotations-2.8.jar;C:\Users\32070\.m2\repository\com\google\protobuf\protobuf-java\3.25.5\protobuf-java-3.25.5.jar;C:\Users\32070\.m2\repository\com\hankcs\aho-corasick-double-array-trie\1.2.2\aho-corasick-double-array-trie-1.2.2.jar;C:\Users\32070\.m2\repository\com\optimaize\languagedetector\language-detector\0.6\language-detector-0.6.jar;C:\Users\32070\.m2\repository\net\arnx\jsonic\1.2.11\jsonic-1.2.11.jar;C:\Users\32070\.m2\repository\com\intellij\annotations\12.0\annotations-12.0.jar;C:\Users\32070\.m2\repository\commons-logging\commons-logging\1.2\commons-logging-1.2.jar;C:\Users\32070\.m2\repository\commons-validator\commons-validator\1.7\commons-validator-1.7.jar;C:\Users\32070\.m2\repository\commons-digester\commons-digester\2.1\commons-digester-2.1.jar;C:\Users\32070\.m2\repository\io\github\resilience4j\resilience4j-circuitbreaker\1.7.1\resilience4j-circuitbreaker-1.7.1.jar;C:\Users\32070\.m2\repository\io\vavr\vavr\0.10.2\vavr-0.10.2.jar;C:\Users\32070\.m2\repository\io\vavr\vavr-match\0.10.2\vavr-match-0.10.2.jar;C:\Users\32070\.m2\repository\io\github\resilience4j\resilience4j-core\1.7.1\resilience4j-core-1.7.1.jar;C:\Users\32070\.m2\repository\io\github\resilience4j\resilience4j-micrometer\1.7.1\resilience4j-micrometer-1.7.1.jar;C:\Users\32070\.m2\repository\io\opentelemetry\opentelemetry-api\1.26.0\opentelemetry-api-1.26.0.jar;C:\Users\32070\.m2\repository\io\opentelemetry\opentelemetry-context\1.26.0\opentelemetry-context-1.26.0.jar;C:\Users\32070\.m2\repository\io\opentelemetry\opentelemetry-semconv\1.26.0-alpha\opentelemetry-semconv-1.26.0-alpha.jar;C:\Users\32070\.m2\repository\io\grpc\grpc-netty-shaded\1.66.0\grpc-netty-shaded-1.66.0.jar;C:\Users\32070\.m2\repository\io\grpc\grpc-util\1.66.0\grpc-util-1.66.0.jar;C:\Users\32070\.m2\repository\io\grpc\grpc-core\1.66.0\grpc-core-1.66.0.jar;C:\Users\32070\.m2\repository\com\google\code\gson\gson\2.11.0\gson-2.11.0.jar;C:\Users\32070\.m2\repository\com\google\android\annotations\4.1.1.4\annotations-4.1.1.4.jar;C:\Users\32070\.m2\repository\io\grpc\grpc-context\1.66.0\grpc-context-1.66.0.jar;C:\Users\32070\.m2\repository\io\perfmark\perfmark-api\0.27.0\perfmark-api-0.27.0.jar;C:\Users\32070\.m2\repository\io\grpc\grpc-api\1.66.0\grpc-api-1.66.0.jar;C:\Users\32070\.m2\repository\io\grpc\grpc-protobuf\1.66.0\grpc-protobuf-1.66.0.jar;C:\Users\32070\.m2\repository\com\google\api\grpc\proto-google-common-protos\2.41.0\proto-google-common-protos-2.41.0.jar;C:\Users\32070\.m2\repository\io\grpc\grpc-protobuf-lite\1.66.0\grpc-protobuf-lite-1.66.0.jar;C:\Users\32070\.m2\repository\io\grpc\grpc-stub\1.66.0\grpc-stub-1.66.0.jar;C:\Users\32070\.m2\repository\io\micrometer\micrometer-registry-prometheus\1.7.1\micrometer-registry-prometheus-1.7.1.jar;C:\Users\32070\.m2\repository\io\micrometer\micrometer-core\1.7.1\micrometer-core-1.7.1.jar;C:\Users\32070\.m2\repository\org\hdrhistogram\HdrHistogram\2.1.12\HdrHistogram-2.1.12.jar;C:\Users\32070\.m2\repository\org\latencyutils\LatencyUtils\2.0.3\LatencyUtils-2.0.3.jar;C:\Users\32070\.m2\repository\io\prometheus\simpleclient_common\0.10.0\simpleclient_common-0.10.0.jar;C:\Users\32070\.m2\repository\io\prometheus\simpleclient\0.16.0\simpleclient-0.16.0.jar;C:\Users\32070\.m2\repository\io\prometheus\simpleclient_tracer_otel\0.16.0\simpleclient_tracer_otel-0.16.0.jar;C:\Users\32070\.m2\repository\io\prometheus\simpleclient_tracer_common\0.16.0\simpleclient_tracer_common-0.16.0.jar;C:\Users\32070\.m2\repository\io\prometheus\simpleclient_tracer_otel_agent\0.16.0\simpleclient_tracer_otel_agent-0.16.0.jar;C:\Users\32070\.m2\repository\io\prometheus\simpleclient_guava\0.16.0\simpleclient_guava-0.16.0.jar;C:\Users\32070\.m2\repository\javax\activation\javax.activation-api\1.2.0\javax.activation-api-1.2.0.jar;C:\Users\32070\.m2\repository\javax\annotation\javax.annotation-api\1.3.2\javax.annotation-api-1.3.2.jar;C:\Users\32070\.m2\repository\javax\measure\unit-api\1.0\unit-api-1.0.jar;C:\Users\32070\.m2\repository\javax\xml\bind\jaxb-api\2.3.0\jaxb-api-2.3.0.jar;C:\Users\32070\.m2\repository\net\loomchild\segment\2.0.1\segment-2.0.1.jar;C:\Users\32070\.m2\repository\org\apache\commons\commons-lang3\3.12.0\commons-lang3-3.12.0.jar;C:\Users\32070\.m2\repository\org\apache\commons\commons-pool2\2.11.1\commons-pool2-2.11.1.jar;C:\Users\32070\.m2\repository\org\apache\lucene\lucene-backward-codecs\5.5.5\lucene-backward-codecs-5.5.5.jar;C:\Users\32070\.m2\repository\org\apache\lucene\lucene-core\5.5.5\lucene-core-5.5.5.jar;C:\Users\32070\.m2\repository\org\carrot2\morfologik-fsa\2.1.9\morfologik-fsa-2.1.9.jar;C:\Users\32070\.m2\repository\org\carrot2\morfologik-fsa-builders\2.1.9\morfologik-fsa-builders-2.1.9.jar;C:\Users\32070\.m2\repository\org\carrot2\morfologik-speller\2.1.9\morfologik-speller-2.1.9.jar;C:\Users\32070\.m2\repository\org\carrot2\morfologik-stemming\2.1.9\morfologik-stemming-2.1.9.jar;C:\Users\32070\.m2\repository\org\glassfish\jaxb\jaxb-runtime\2.3.0\jaxb-runtime-2.3.0.jar;C:\Users\32070\.m2\repository\org\glassfish\jaxb\jaxb-core\2.3.0\jaxb-core-2.3.0.jar;C:\Users\32070\.m2\repository\org\glassfish\jaxb\txw2\2.3.0\txw2-2.3.0.jar;C:\Users\32070\.m2\repository\com\sun\istack\istack-commons-runtime\3.0.5\istack-commons-runtime-3.0.5.jar;C:\Users\32070\.m2\repository\org\jvnet\staxex\stax-ex\1.7.8\stax-ex-1.7.8.jar;C:\Users\32070\.m2\repository\com\sun\xml\fastinfoset\FastInfoset\1.2.13\FastInfoset-1.2.13.jar;C:\Users\32070\.m2\repository\org\jetbrains\annotations\20.1.0\annotations-20.1.0.jar;C:\Users\32070\.m2\repository\it\unimi\dsi\fastutil-core\8.5.12\fastutil-core-8.5.12.jar;C:\Users\32070\.m2\repository\org\json\json\20231013\json-20231013.jar;C:\Users\32070\.m2\repository\tech\units\indriya\1.3\indriya-1.3.jar;C:\Users\32070\.m2\repository\tech\uom\lib\uom-lib-common\1.1\uom-lib-common-1.1.jar;C:\Users\32070\.m2\repository\edu\washington\cs\knowitall\openregex\1.1.1\openregex-1.1.1.jar;C:\Users\32070\.m2\repository\io\github\java-diff-utils\java-diff-utils\4.12\java-diff-utils-4.12.jar;C:\Users\32070\.m2\repository\junit\junit\4.13.2\junit-4.13.2.jar;C:\Users\32070\.m2\repository\org\hamcrest\hamcrest-core\1.3\hamcrest-core-1.3.jar;C:\Users\32070\.m2\repository\org\languagetool\language-en\6.5\language-en-6.5.jar;C:\Users\32070\.m2\repository\edu\washington\cs\knowitall\opennlp-chunk-models\1.5\opennlp-chunk-models-1.5.jar;C:\Users\32070\.m2\repository\edu\washington\cs\knowitall\opennlp-postag-models\1.5\opennlp-postag-models-1.5.jar;C:\Users\32070\.m2\repository\edu\washington\cs\knowitall\opennlp-tokenize-models\1.5\opennlp-tokenize-models-1.5.jar;C:\Users\32070\.m2\repository\org\apache\opennlp\opennlp-tools\1.9.4\opennlp-tools-1.9.4.jar;C:\Users\32070\.m2\repository\org\languagetool\english-pos-dict\0.3\english-pos-dict-0.3.jar;C:\Users\32070\.m2\repository\org\slf4j\slf4j-api\1.7.30\slf4j-api-1.7.30.jar;C:\Users\32070\.m2\repository\org\slf4j\slf4j-simple\1.7.30\slf4j-simple-1.7.30.jar;C:\Users\32070\.m2\repository\org\apache\commons\commons-text\1.10.0\commons-text-1.10.0.jar;"/>
    <property name="java.vm.vendor" value="Eclipse Adoptium"/>
    <property name="sun.arch.data.model" value="64"/>
    <property name="user.variant" value=""/>
    <property name="java.vendor.url" value="https://adoptium.net/"/>
    <property name="user.timezone" value="Asia/Shanghai"/>
    <property name="os.name" value="Windows 11"/>
    <property name="java.vm.specification.version" value="21"/>
    <property name="sun.java.launcher" value="SUN_STANDARD"/>
    <property name="user.country" value="CN"/>
    <property name="sun.boot.library.path" value="C:\Program Files\Eclipse Adoptium\jdk-21.0.2.13-hotspot\bin"/>
    <property name="sun.java.command" value="C:\Users\32070\AppData\Local\Temp\surefire11052676233163290509\surefirebooter1806156155426073955.jar C:\Users\32070\AppData\Local\Temp\surefire11052676233163290509 2024-12-01T18-07-30_494-jvmRun1 surefire12698744566183049909tmp surefire_017094465375357753143tmp"/>
    <property name="jdk.debug" value="release"/>
    <property name="surefire.test.class.path" value="D:\Code\Java\2024 Fall Software Design\labs\Lab_1_2\html_editor\target\test-classes;D:\Code\Java\2024 Fall Software Design\labs\Lab_1_2\html_editor\target\classes;C:\Users\32070\.m2\repository\org\jsoup\jsoup\1.18.1\jsoup-1.18.1.jar;C:\Users\32070\.m2\repository\org\languagetool\languagetool-core\6.5\languagetool-core-6.5.jar;C:\Users\32070\.m2\repository\com\carrotsearch\hppc\0.8.2\hppc-0.8.2.jar;C:\Users\32070\.m2\repository\com\fasterxml\jackson\core\jackson-databind\2.17.2\jackson-databind-2.17.2.jar;C:\Users\32070\.m2\repository\com\fasterxml\jackson\core\jackson-annotations\2.17.2\jackson-annotations-2.17.2.jar;C:\Users\32070\.m2\repository\com\fasterxml\jackson\core\jackson-core\2.17.2\jackson-core-2.17.2.jar;C:\Users\32070\.m2\repository\com\gitlab\dumonts\hunspell\2.1.2\hunspell-2.1.2.jar;C:\Users\32070\.m2\repository\net\java\dev\jna\jna-platform\5.12.1\jna-platform-5.12.1.jar;C:\Users\32070\.m2\repository\net\java\dev\jna\jna\5.12.1\jna-5.12.1.jar;C:\Users\32070\.m2\repository\com\google\guava\guava\32.1.1-jre\guava-32.1.1-jre.jar;C:\Users\32070\.m2\repository\com\google\guava\failureaccess\1.0.1\failureaccess-1.0.1.jar;C:\Users\32070\.m2\repository\com\google\guava\listenablefuture\9999.0-empty-to-avoid-conflict-with-guava\listenablefuture-9999.0-empty-to-avoid-conflict-with-guava.jar;C:\Users\32070\.m2\repository\com\google\code\findbugs\jsr305\3.0.2\jsr305-3.0.2.jar;C:\Users\32070\.m2\repository\org\checkerframework\checker-qual\3.33.0\checker-qual-3.33.0.jar;C:\Users\32070\.m2\repository\com\google\errorprone\error_prone_annotations\2.18.0\error_prone_annotations-2.18.0.jar;C:\Users\32070\.m2\repository\com\google\j2objc\j2objc-annotations\2.8\j2objc-annotations-2.8.jar;C:\Users\32070\.m2\repository\com\google\protobuf\protobuf-java\3.25.5\protobuf-java-3.25.5.jar;C:\Users\32070\.m2\repository\com\hankcs\aho-corasick-double-array-trie\1.2.2\aho-corasick-double-array-trie-1.2.2.jar;C:\Users\32070\.m2\repository\com\optimaize\languagedetector\language-detector\0.6\language-detector-0.6.jar;C:\Users\32070\.m2\repository\net\arnx\jsonic\1.2.11\jsonic-1.2.11.jar;C:\Users\32070\.m2\repository\com\intellij\annotations\12.0\annotations-12.0.jar;C:\Users\32070\.m2\repository\commons-logging\commons-logging\1.2\commons-logging-1.2.jar;C:\Users\32070\.m2\repository\commons-validator\commons-validator\1.7\commons-validator-1.7.jar;C:\Users\32070\.m2\repository\commons-digester\commons-digester\2.1\commons-digester-2.1.jar;C:\Users\32070\.m2\repository\io\github\resilience4j\resilience4j-circuitbreaker\1.7.1\resilience4j-circuitbreaker-1.7.1.jar;C:\Users\32070\.m2\repository\io\vavr\vavr\0.10.2\vavr-0.10.2.jar;C:\Users\32070\.m2\repository\io\vavr\vavr-match\0.10.2\vavr-match-0.10.2.jar;C:\Users\32070\.m2\repository\io\github\resilience4j\resilience4j-core\1.7.1\resilience4j-core-1.7.1.jar;C:\Users\32070\.m2\repository\io\github\resilience4j\resilience4j-micrometer\1.7.1\resilience4j-micrometer-1.7.1.jar;C:\Users\32070\.m2\repository\io\opentelemetry\opentelemetry-api\1.26.0\opentelemetry-api-1.26.0.jar;C:\Users\32070\.m2\repository\io\opentelemetry\opentelemetry-context\1.26.0\opentelemetry-context-1.26.0.jar;C:\Users\32070\.m2\repository\io\opentelemetry\opentelemetry-semconv\1.26.0-alpha\opentelemetry-semconv-1.26.0-alpha.jar;C:\Users\32070\.m2\repository\io\grpc\grpc-netty-shaded\1.66.0\grpc-netty-shaded-1.66.0.jar;C:\Users\32070\.m2\repository\io\grpc\grpc-util\1.66.0\grpc-util-1.66.0.jar;C:\Users\32070\.m2\repository\io\grpc\grpc-core\1.66.0\grpc-core-1.66.0.jar;C:\Users\32070\.m2\repository\com\google\code\gson\gson\2.11.0\gson-2.11.0.jar;C:\Users\32070\.m2\repository\com\google\android\annotations\4.1.1.4\annotations-4.1.1.4.jar;C:\Users\32070\.m2\repository\io\grpc\grpc-context\1.66.0\grpc-context-1.66.0.jar;C:\Users\32070\.m2\repository\io\perfmark\perfmark-api\0.27.0\perfmark-api-0.27.0.jar;C:\Users\32070\.m2\repository\io\grpc\grpc-api\1.66.0\grpc-api-1.66.0.jar;C:\Users\32070\.m2\repository\io\grpc\grpc-protobuf\1.66.0\grpc-protobuf-1.66.0.jar;C:\Users\32070\.m2\repository\com\google\api\grpc\proto-google-common-protos\2.41.0\proto-google-common-protos-2.41.0.jar;C:\Users\32070\.m2\repository\io\grpc\grpc-protobuf-lite\1.66.0\grpc-protobuf-lite-1.66.0.jar;C:\Users\32070\.m2\repository\io\grpc\grpc-stub\1.66.0\grpc-stub-1.66.0.jar;C:\Users\32070\.m2\repository\io\micrometer\micrometer-registry-prometheus\1.7.1\micrometer-registry-prometheus-1.7.1.jar;C:\Users\32070\.m2\repository\io\micrometer\micrometer-core\1.7.1\micrometer-core-1.7.1.jar;C:\Users\32070\.m2\repository\org\hdrhistogram\HdrHistogram\2.1.12\HdrHistogram-2.1.12.jar;C:\Users\32070\.m2\repository\org\latencyutils\LatencyUtils\2.0.3\LatencyUtils-2.0.3.jar;C:\Users\32070\.m2\repository\io\prometheus\simpleclient_common\0.10.0\simpleclient_common-0.10.0.jar;C:\Users\32070\.m2\repository\io\prometheus\simpleclient\0.16.0\simpleclient-0.16.0.jar;C:\Users\32070\.m2\repository\io\prometheus\simpleclient_tracer_otel\0.16.0\simpleclient_tracer_otel-0.16.0.jar;C:\Users\32070\.m2\repository\io\prometheus\simpleclient_tracer_common\0.16.0\simpleclient_tracer_common-0.16.0.jar;C:\Users\32070\.m2\repository\io\prometheus\simpleclient_tracer_otel_agent\0.16.0\simpleclient_tracer_otel_agent-0.16.0.jar;C:\Users\32070\.m2\repository\io\prometheus\simpleclient_guava\0.16.0\simpleclient_guava-0.16.0.jar;C:\Users\32070\.m2\repository\javax\activation\javax.activation-api\1.2.0\javax.activation-api-1.2.0.jar;C:\Users\32070\.m2\repository\javax\annotation\javax.annotation-api\1.3.2\javax.annotation-api-1.3.2.jar;C:\Users\32070\.m2\repository\javax\measure\unit-api\1.0\unit-api-1.0.jar;C:\Users\32070\.m2\repository\javax\xml\bind\jaxb-api\2.3.0\jaxb-api-2.3.0.jar;C:\Users\32070\.m2\repository\net\loomchild\segment\2.0.1\segment-2.0.1.jar;C:\Users\32070\.m2\repository\org\apache\commons\commons-lang3\3.12.0\commons-lang3-3.12.0.jar;C:\Users\32070\.m2\repository\org\apache\commons\commons-pool2\2.11.1\commons-pool2-2.11.1.jar;C:\Users\32070\.m2\repository\org\apache\lucene\lucene-backward-codecs\5.5.5\lucene-backward-codecs-5.5.5.jar;C:\Users\32070\.m2\repository\org\apache\lucene\lucene-core\5.5.5\lucene-core-5.5.5.jar;C:\Users\32070\.m2\repository\org\carrot2\morfologik-fsa\2.1.9\morfologik-fsa-2.1.9.jar;C:\Users\32070\.m2\repository\org\carrot2\morfologik-fsa-builders\2.1.9\morfologik-fsa-builders-2.1.9.jar;C:\Users\32070\.m2\repository\org\carrot2\morfologik-speller\2.1.9\morfologik-speller-2.1.9.jar;C:\Users\32070\.m2\repository\org\carrot2\morfologik-stemming\2.1.9\morfologik-stemming-2.1.9.jar;C:\Users\32070\.m2\repository\org\glassfish\jaxb\jaxb-runtime\2.3.0\jaxb-runtime-2.3.0.jar;C:\Users\32070\.m2\repository\org\glassfish\jaxb\jaxb-core\2.3.0\jaxb-core-2.3.0.jar;C:\Users\32070\.m2\repository\org\glassfish\jaxb\txw2\2.3.0\txw2-2.3.0.jar;C:\Users\32070\.m2\repository\com\sun\istack\istack-commons-runtime\3.0.5\istack-commons-runtime-3.0.5.jar;C:\Users\32070\.m2\repository\org\jvnet\staxex\stax-ex\1.7.8\stax-ex-1.7.8.jar;C:\Users\32070\.m2\repository\com\sun\xml\fastinfoset\FastInfoset\1.2.13\FastInfoset-1.2.13.jar;C:\Users\32070\.m2\repository\org\jetbrains\annotations\20.1.0\annotations-20.1.0.jar;C:\Users\32070\.m2\repository\it\unimi\dsi\fastutil-core\8.5.12\fastutil-core-8.5.12.jar;C:\Users\32070\.m2\repository\org\json\json\20231013\json-20231013.jar;C:\Users\32070\.m2\repository\tech\units\indriya\1.3\indriya-1.3.jar;C:\Users\32070\.m2\repository\tech\uom\lib\uom-lib-common\1.1\uom-lib-common-1.1.jar;C:\Users\32070\.m2\repository\edu\washington\cs\knowitall\openregex\1.1.1\openregex-1.1.1.jar;C:\Users\32070\.m2\repository\io\github\java-diff-utils\java-diff-utils\4.12\java-diff-utils-4.12.jar;C:\Users\32070\.m2\repository\junit\junit\4.13.2\junit-4.13.2.jar;C:\Users\32070\.m2\repository\org\hamcrest\hamcrest-core\1.3\hamcrest-core-1.3.jar;C:\Users\32070\.m2\repository\org\languagetool\language-en\6.5\language-en-6.5.jar;C:\Users\32070\.m2\repository\edu\washington\cs\knowitall\opennlp-chunk-models\1.5\opennlp-chunk-models-1.5.jar;C:\Users\32070\.m2\repository\edu\washington\cs\knowitall\opennlp-postag-models\1.5\opennlp-postag-models-1.5.jar;C:\Users\32070\.m2\repository\edu\washington\cs\knowitall\opennlp-tokenize-models\1.5\opennlp-tokenize-models-1.5.jar;C:\Users\32070\.m2\repository\org\apache\opennlp\opennlp-tools\1.9.4\opennlp-tools-1.9.4.jar;C:\Users\32070\.m2\repository\org\languagetool\english-pos-dict\0.3\english-pos-dict-0.3.jar;C:\Users\32070\.m2\repository\org\slf4j\slf4j-api\1.7.30\slf4j-api-1.7.30.jar;C:\Users\32070\.m2\repository\org\slf4j\slf4j-simple\1.7.30\slf4j-simple-1.7.30.jar;C:\Users\32070\.m2\repository\org\apache\commons\commons-text\1.10.0\commons-text-1.10.0.jar;"/>
    <property name="sun.cpu.endian" value="little"/>
    <property name="user.home" value="C:\Users\32070"/>
    <property name="user.language" value="zh"/>
    <property name="java.specification.vendor" value="Oracle Corporation"/>
    <property name="java.version.date" value="2024-01-16"/>
    <property name="java.home" value="C:\Program Files\Eclipse Adoptium\jdk-21.0.2.13-hotspot"/>
    <property name="file.separator" value="\"/>
    <property name="basedir" value="D:\Code\Java\2024 Fall Software Design\labs\Lab_1_2\html_editor"/>
    <property name="java.vm.compressedOopsMode" value="Zero based"/>
    <property name="line.separator" value="&#10;"/>
    <property name="java.vm.specification.vendor" value="Oracle Corporation"/>
    <property name="java.specification.name" value="Java Platform API Specification"/>
    <property name="surefire.real.class.path" value="C:\Users\32070\AppData\Local\Temp\surefire11052676233163290509\surefirebooter1806156155426073955.jar"/>
    <property name="user.script" value=""/>
    <property name="sun.management.compiler" value="HotSpot 64-Bit Tiered Compilers"/>
    <property name="java.runtime.version" value="21.0.2+13-LTS"/>
    <property name="user.name" value="32070"/>
    <property name="stdout.encoding" value="GBK"/>
    <property name="path.separator" value=";"/>
    <property name="os.version" value="10.0"/>
    <property name="java.runtime.name" value="OpenJDK Runtime Environment"/>
    <property name="file.encoding" value="UTF-8"/>
    <property name="java.vm.name" value="OpenJDK 64-Bit Server VM"/>
    <property name="java.vendor.version" value="Temurin-21.0.2+13"/>
    <property name="localRepository" value="C:\Users\32070\.m2\repository"/>
    <property name="java.vendor.url.bug" value="https://github.com/adoptium/adoptium-support/issues"/>
    <property name="java.io.tmpdir" value="C:\Users\32070\AppData\Local\Temp\"/>
    <property name="java.version" value="21.0.2"/>
    <property name="user.dir" value="D:\Code\Java\2024 Fall Software Design\labs\Lab_1_2\html_editor"/>
    <property name="os.arch" value="amd64"/>
    <property name="java.vm.specification.name" value="Java Virtual Machine Specification"/>
    <property name="sun.os.patch.level" value=""/>
    <property name="native.encoding" value="GBK"/>
    <property name="java.library.path" value="C:\Program Files\Eclipse Adoptium\jdk-21.0.2.13-hotspot\bin;C:\Windows\Sun\Java\bin;C:\Windows\system32;C:\Windows;C:\Program Files\NVIDIA GPU Computing Toolkit\CUDA\v12.6\bin;C:\Program Files\NVIDIA GPU Computing Toolkit\CUDA\v12.6\libnvvp;D:\VMware\bin\;C:\Program Files\Eclipse Adoptium\jdk-21.0.2.13-hotspot\bin;C:\Windows\system32;C:\Windows;C:\Windows\System32\Wbem;C:\Windows\System32\WindowsPowerShell\v1.0\;C:\Windows\System32\OpenSSH\;C:\Program Files (x86)\NVIDIA Corporation\PhysX\Common;C:\Program Files\NVIDIA Corporation\NVIDIA NvDLISR;C:\Program Files\Git\cmd;C:\Program Files\NVIDIA Corporation\Nsight Compute 2024.3.2\;C:\Users\32070\AppData\Local\Programs\Python\Python312\Scripts\;C:\Users\32070\AppData\Local\Programs\Python\Python312\;C:\Users\32070\AppData\Local\Programs\Python\Launcher\;C:\Users\32070\AppData\Local\Microsoft\WindowsApps;D:\Microsoft VS Code\bin;D:\mingw64\bin;D:\IntelliJ IDEA 2023.3.4\bin;;D:\Files\Maven\apache-maven-3.9.6\bin;D:\Tool\DrMemory-Windows-2.6.0\bin;;."/>
    <property name="java.vm.info" value="mixed mode, sharing"/>
    <property name="stderr.encoding" value="GBK"/>
    <property name="java.vendor" value="Eclipse Adoptium"/>
    <property name="java.vm.version" value="21.0.2+13-LTS"/>
    <property name="sun.io.unicode.encoding" value="UnicodeLittle"/>
    <property name="java.class.version" value="65.0"/>
  </properties>
  <testcase name="testCount" classname="com.lab.html_editor.utils.visitor.html_visitor.VisitorTest" time="0"/>
  <testcase name="testTextVisitor" classname="com.lab.html_editor.utils.visitor.html_visitor.VisitorTest" time="0"/>
  <testcase name="testUpdate" classname="com.lab.html_editor.utils.visitor.html_visitor.VisitorTest" time="0"/>
</testsuite>